<?xml version="1.0" encoding="UTF-8"?>
<!-- Generated by org.testng.reporters.JUnitReportReporter -->
<testsuite hostname="DESKTOP-P7OORB0" failures="0" tests="1" name="registrationAndLogin.Tc_RegistrationPageGender_001Test" time="0.919" errors="0" timestamp="2023-01-25T12:41:29 IST" skipped="0">
  <testcase classname="registrationAndLogin.Tc_RegistrationPageGender_001Test" name="malegenderButton" time="0.919"/>
  <system-out>
Shop. Register Landed succesfully on the Register page  Clicked on Male Gender button  </system-out>
</testsuite> <!-- registrationAndLogin.Tc_RegistrationPageGender_001Test -->
