<?xml version="1.0" encoding="UTF-8"?>
<!-- Generated by org.testng.reporters.JUnitReportReporter -->
<testsuite hostname="DESKTOP-P7OORB0" failures="0" tests="1" name="registrationAndLogin.Tc_RegistrationYear_013Test" time="2.375" errors="0" timestamp="2023-01-25T12:41:29 IST" skipped="0">
  <testcase classname="registrationAndLogin.Tc_RegistrationYear_013Test" name="date" time="2.375"/>
  <system-out>
Clicked on Register button Landed succesfully on the Register page Year Entered Sussesfully  </system-out>
</testsuite> <!-- registrationAndLogin.Tc_RegistrationYear_013Test -->
