<?xml version="1.0" encoding="UTF-8"?>
<!-- Generated by org.testng.reporters.JUnitReportReporter -->
<testsuite hostname="DESKTOP-P7OORB0" failures="0" tests="1" name="booksModule.TestCase_008_Test" time="7.872" errors="0" timestamp="2023-01-25T11:10:55 IST" skipped="0">
  <testcase classname="booksModule.TestCase_008_Test" name="clickOnWishList" time="7.872"/>
  <system-out>
succesfully clicked  </system-out>
</testsuite> <!-- booksModule.TestCase_008_Test -->
