<?xml version="1.0" encoding="UTF-8"?>
<!-- Generated by org.testng.reporters.JUnitReportReporter -->
<testsuite hostname="DESKTOP-P7OORB0" failures="0" tests="1" name="registrationAndLogin.Tc_RegistrationConfirmPassword_008Test" time="1.237" errors="0" timestamp="2023-01-25T12:41:29 IST" skipped="0">
  <testcase classname="registrationAndLogin.Tc_RegistrationConfirmPassword_008Test" name="confirmPassword" time="1.237"/>
  <system-out>
Landed succesfully on the Register page Confirm Password Entered Succesfully  </system-out>
</testsuite> <!-- registrationAndLogin.Tc_RegistrationConfirmPassword_008Test -->
