<?xml version="1.0" encoding="UTF-8"?>
<!-- Generated by org.testng.reporters.JUnitReportReporter -->
<testsuite hostname="DESKTOP-P7OORB0" failures="0" tests="1" name="booksModule.TC_Books_009_Test" time="8.176" errors="0" timestamp="2023-01-25T11:06:58 IST" skipped="0">
  <testcase classname="booksModule.TC_Books_009_Test" name="clickOnWishList" time="8.176"/>
  <system-out>
user is able to click on shopping cart button  </system-out>
</testsuite> <!-- booksModule.TC_Books_009_Test -->
