<?xml version="1.0" encoding="UTF-8"?>
<!-- Generated by org.testng.reporters.JUnitReportReporter -->
<testsuite hostname="DESKTOP-P7OORB0" failures="0" tests="1" name="registrationAndLogin.Tc_RegistrationMonth_012Test" time="1.171" errors="0" timestamp="2023-01-25T12:41:29 IST" skipped="0">
  <testcase classname="registrationAndLogin.Tc_RegistrationMonth_012Test" name="date" time="1.171"/>
  <system-out>
Clicked on Register button Landed succesfully on the Register page Month Entered Sussesfully  </system-out>
</testsuite> <!-- registrationAndLogin.Tc_RegistrationMonth_012Test -->
