<?xml version="1.0" encoding="UTF-8"?>
<!-- Generated by org.testng.reporters.JUnitReportReporter -->
<testsuite hostname="DESKTOP-P7OORB0" failures="0" tests="1" name="booksModule.TC_Books_002_Test" time="7.766" errors="0" timestamp="2023-01-25T11:06:58 IST" skipped="0">
  <testcase classname="booksModule.TC_Books_002_Test" name="clickonBestSellers" time="7.766"/>
  <system-out>
clicked  </system-out>
</testsuite> <!-- booksModule.TC_Books_002_Test -->
