<?xml version="1.0" encoding="UTF-8"?>
<!-- Generated by org.testng.reporters.JUnitReportReporter -->
<testsuite hostname="DESKTOP-P7OORB0" failures="0" tests="1" name="registrationAndLogin.Tc_SystemRegistration_018Test" time="4.801" errors="0" timestamp="2023-01-25T12:43:19 IST" skipped="0">
  <testcase classname="registrationAndLogin.Tc_SystemRegistration_018Test" name="register" time="4.801"/>
  <system-out>
Shop. Register Landed succesfully on the Register page  Clicked on Male Gender button First Name Entered Sussesfully Last name entered Succesfully Day Entered Sussesfully Month Entered Sussesfully Year Entered Sussesfully Email Entered Succesfully Password Entered Succesfully Confirm Password Entered Succesfully CompanyName Entered Succesfully Driver clicked on Register button  </system-out>
</testsuite> <!-- registrationAndLogin.Tc_SystemRegistration_018Test -->
