<?xml version="1.0" encoding="UTF-8"?>
<!-- Generated by org.testng.reporters.JUnitReportReporter -->
<testsuite hostname="DESKTOP-P7OORB0" failures="0" tests="1" name="registrationAndLogin.Tc_RegistrationCompanyName_010Test" time="2.256" errors="0" timestamp="2023-01-25T12:41:29 IST" skipped="0">
  <testcase classname="registrationAndLogin.Tc_RegistrationCompanyName_010Test" name="companyName" time="2.256"/>
  <system-out>
Landed succesfully on the Register page CompanyName Entered Succesfully  </system-out>
</testsuite> <!-- registrationAndLogin.Tc_RegistrationCompanyName_010Test -->
