<?xml version="1.0" encoding="UTF-8"?>
<!-- Generated by org.testng.reporters.JUnitReportReporter -->
<testsuite hostname="DESKTOP-P7OORB0" failures="0" tests="1" name="registrationAndLogin.Tc_SystemLogin_017Test" time="17.992" errors="0" timestamp="2023-01-25T12:43:19 IST" skipped="0">
  <testcase classname="registrationAndLogin.Tc_SystemLogin_017Test" name="login" time="17.992"/>
  <system-out>
Email Entered succesfully password entered succesfully user clicked on loginButton succesfully  </system-out>
</testsuite> <!-- registrationAndLogin.Tc_SystemLogin_017Test -->
