<?xml version="1.0" encoding="UTF-8"?>
<!-- Generated by org.testng.reporters.JUnitReportReporter -->
<testsuite hostname="DESKTOP-P7OORB0" failures="0" tests="1" name="WishListAndCart.TC_006Test" time="22.246" errors="0" timestamp="2023-01-25T11:03:04 IST" skipped="0">
  <testcase classname="WishListAndCart.TC_006Test" name="DecreaseProductQTYFromWishlist" time="22.246"/>
  <system-out>
The product quantity is decreased in the  wishlist  </system-out>
</testsuite> <!-- WishListAndCart.TC_006Test -->
