<?xml version="1.0" encoding="UTF-8"?>
<!-- Generated by org.testng.reporters.JUnitReportReporter -->
<testsuite hostname="DESKTOP-P7OORB0" failures="0" tests="1" name="WishListAndCart.TC_007Test" time="10.027" errors="0" timestamp="2023-01-25T11:03:04 IST" skipped="0">
  <testcase classname="WishListAndCart.TC_007Test" name="IncreaseProductQTYFromCart" time="10.027"/>
  <system-out>
The product quantity is increased in the cart  </system-out>
</testsuite> <!-- WishListAndCart.TC_007Test -->
