<?xml version="1.0" encoding="UTF-8"?>
<!-- Generated by org.testng.reporters.JUnitReportReporter -->
<testsuite hostname="DESKTOP-P7OORB0" failures="0" tests="1" name="WishListAndCart.TC_005Test" time="9.852" errors="0" timestamp="2023-01-25T11:03:04 IST" skipped="0">
  <testcase classname="WishListAndCart.TC_005Test" name="IncreaseProductQTYInWishlist" time="9.852"/>
  <system-out>
The product is increased in the  wishlist  </system-out>
</testsuite> <!-- WishListAndCart.TC_005Test -->
