<?xml version="1.0" encoding="UTF-8"?>
<!-- Generated by org.testng.reporters.JUnitReportReporter -->
<testsuite hostname="DESKTOP-P7OORB0" failures="0" tests="1" name="booksModule.Tc_Books_003" time="6.838" errors="0" timestamp="2023-01-24T15:49:20 IST" skipped="0">
  <testcase classname="booksModule.Tc_Books_003" name="ToClickOnBooksPage" time="6.838"/>
  <system-out>
successfully clickedShop. Books  </system-out>
</testsuite> <!-- booksModule.Tc_Books_003 -->
