<?xml version="1.0" encoding="UTF-8"?>
<!-- Generated by org.testng.reporters.JUnitReportReporter -->
<testsuite hostname="DESKTOP-P7OORB0" failures="0" tests="1" name="booksModule.TC_Books_001_Test" time="6.726" errors="0" timestamp="2023-01-25T11:06:58 IST" skipped="0">
  <testcase classname="booksModule.TC_Books_001_Test" name="ToclickonSortBy" time="6.726"/>
  <system-out>
clicked  </system-out>
</testsuite> <!-- booksModule.TC_Books_001_Test -->
