<?xml version="1.0" encoding="UTF-8"?>
<!-- Generated by org.testng.reporters.JUnitReportReporter -->
<testsuite hostname="DESKTOP-P7OORB0" failures="0" tests="1" name="registrationAndLogin.Tc_Registration_009Test" time="0.990" errors="0" timestamp="2023-01-25T12:41:29 IST" skipped="0">
  <testcase classname="registrationAndLogin.Tc_Registration_009Test" name="registerButton" time="0.990"/>
  <system-out>
Landed succesfully on the Register page Driver clicked on Register button  </system-out>
</testsuite> <!-- registrationAndLogin.Tc_Registration_009Test -->
