<?xml version="1.0" encoding="UTF-8"?>
<!-- Generated by org.testng.reporters.JUnitReportReporter -->
<testsuite hostname="DESKTOP-P7OORB0" failures="0" tests="1" name="registrationAndLogin.Tc_LoginPassword_015Test" time="0.193" errors="0" timestamp="2023-01-25T12:39:55 IST" skipped="0">
  <testcase classname="registrationAndLogin.Tc_LoginPassword_015Test" name="password" time="0.193"/>
  <system-out>
password entered succesfully  </system-out>
</testsuite> <!-- registrationAndLogin.Tc_LoginPassword_015Test -->
