<?xml version="1.0" encoding="UTF-8"?>
<!-- Generated by org.testng.reporters.JUnitReportReporter -->
<testsuite hostname="DESKTOP-P7OORB0" failures="0" tests="1" name="sportsModule.TC_Sports_001_Test" time="7.635" errors="0" timestamp="2023-01-25T07:37:20 IST" skipped="0">
  <testcase classname="sportsModule.TC_Sports_001_Test" name="sportsCategory" time="7.635"/>
  <system-out/>
</testsuite> <!-- sportsModule.TC_Sports_001_Test -->
