<?xml version="1.0" encoding="UTF-8"?>
<!-- Generated by org.testng.reporters.JUnitReportReporter -->
<testsuite hostname="DESKTOP-P7OORB0" failures="0" tests="1" name="registrationAndLogin.Tc_LoginUserName_014Test" time="0.165" errors="0" timestamp="2023-01-25T12:39:56 IST" skipped="0">
  <testcase classname="registrationAndLogin.Tc_LoginUserName_014Test" name="userName" time="0.165"/>
  <system-out>
Email Entered succesfully  </system-out>
</testsuite> <!-- registrationAndLogin.Tc_LoginUserName_014Test -->
