<?xml version="1.0" encoding="UTF-8"?>
<!-- Generated by org.testng.reporters.JUnitReportReporter -->
<testsuite hostname="DESKTOP-P7OORB0" failures="0" tests="1" name="registrationAndLogin.Tc_LoginLoginButton_016Test" time="0.814" errors="0" timestamp="2023-01-25T12:39:56 IST" skipped="0">
  <testcase classname="registrationAndLogin.Tc_LoginLoginButton_016Test" name="LoginButton" time="0.814"/>
  <system-out>
user clicked on loginButton succesfully  </system-out>
</testsuite> <!-- registrationAndLogin.Tc_LoginLoginButton_016Test -->
